CRITICAL - 2021-05-30 21:25:55 --> Invalid file: v_user/v_headDashboard.php
#0 C:\xampp\htdocs\root-project\system\View\View.php(228): CodeIgniter\Exceptions\FrameworkException::forInvalidFile('v_user/v_headDa...')
#1 C:\xampp\htdocs\root-project\system\Common.php(1119): CodeIgniter\View\View->render('v_user/v_headDa...', Array, true)
#2 C:\xampp\htdocs\root-project\app\Controllers\Home.php(44): view('v_user/v_headDa...', Array)
#3 C:\xampp\htdocs\root-project\system\CodeIgniter.php(918): App\Controllers\Home->HeadPage()
#4 C:\xampp\htdocs\root-project\system\CodeIgniter.php(404): CodeIgniter\CodeIgniter->runController(Object(App\Controllers\Home))
#5 C:\xampp\htdocs\root-project\system\CodeIgniter.php(312): CodeIgniter\CodeIgniter->handleRequest(NULL, Object(Config\Cache), false)
#6 C:\xampp\htdocs\root-project\public\index.php(45): CodeIgniter\CodeIgniter->run()
#7 C:\xampp\htdocs\root-project\system\Commands\Server\rewrite.php(34): require_once('C:\\xampp\\htdocs...')
#8 {main}
CRITICAL - 2021-05-30 21:27:20 --> Invalid file: v_user/v_headDashboard.php
#0 C:\xampp\htdocs\root-project\system\View\View.php(228): CodeIgniter\Exceptions\FrameworkException::forInvalidFile('v_user/v_headDa...')
#1 C:\xampp\htdocs\root-project\system\Common.php(1119): CodeIgniter\View\View->render('v_user/v_headDa...', Array, true)
#2 C:\xampp\htdocs\root-project\app\Controllers\Home.php(44): view('v_user/v_headDa...', Array)
#3 C:\xampp\htdocs\root-project\system\CodeIgniter.php(918): App\Controllers\Home->HeadPage()
#4 C:\xampp\htdocs\root-project\system\CodeIgniter.php(404): CodeIgniter\CodeIgniter->runController(Object(App\Controllers\Home))
#5 C:\xampp\htdocs\root-project\system\CodeIgniter.php(312): CodeIgniter\CodeIgniter->handleRequest(NULL, Object(Config\Cache), false)
#6 C:\xampp\htdocs\root-project\public\index.php(45): CodeIgniter\CodeIgniter->run()
#7 C:\xampp\htdocs\root-project\system\Commands\Server\rewrite.php(34): require_once('C:\\xampp\\htdocs...')
#8 {main}
CRITICAL - 2021-05-30 21:28:34 --> Invalid file: v_deptdead/v_headDashboard.php
#0 C:\xampp\htdocs\root-project\system\View\View.php(228): CodeIgniter\Exceptions\FrameworkException::forInvalidFile('v_deptdead/v_he...')
#1 C:\xampp\htdocs\root-project\system\Common.php(1119): CodeIgniter\View\View->render('v_deptdead/v_he...', Array, true)
#2 C:\xampp\htdocs\root-project\app\Controllers\Home.php(44): view('v_deptdead/v_he...', Array)
#3 C:\xampp\htdocs\root-project\system\CodeIgniter.php(918): App\Controllers\Home->HeadPage()
#4 C:\xampp\htdocs\root-project\system\CodeIgniter.php(404): CodeIgniter\CodeIgniter->runController(Object(App\Controllers\Home))
#5 C:\xampp\htdocs\root-project\system\CodeIgniter.php(312): CodeIgniter\CodeIgniter->handleRequest(NULL, Object(Config\Cache), false)
#6 C:\xampp\htdocs\root-project\public\index.php(45): CodeIgniter\CodeIgniter->run()
#7 C:\xampp\htdocs\root-project\system\Commands\Server\rewrite.php(34): require_once('C:\\xampp\\htdocs...')
#8 {main}
CRITICAL - 2021-05-30 21:28:36 --> Invalid file: v_deptdead/v_headDashboard.php
#0 C:\xampp\htdocs\root-project\system\View\View.php(228): CodeIgniter\Exceptions\FrameworkException::forInvalidFile('v_deptdead/v_he...')
#1 C:\xampp\htdocs\root-project\system\Common.php(1119): CodeIgniter\View\View->render('v_deptdead/v_he...', Array, true)
#2 C:\xampp\htdocs\root-project\app\Controllers\Home.php(44): view('v_deptdead/v_he...', Array)
#3 C:\xampp\htdocs\root-project\system\CodeIgniter.php(918): App\Controllers\Home->HeadPage()
#4 C:\xampp\htdocs\root-project\system\CodeIgniter.php(404): CodeIgniter\CodeIgniter->runController(Object(App\Controllers\Home))
#5 C:\xampp\htdocs\root-project\system\CodeIgniter.php(312): CodeIgniter\CodeIgniter->handleRequest(NULL, Object(Config\Cache), false)
#6 C:\xampp\htdocs\root-project\public\index.php(45): CodeIgniter\CodeIgniter->run()
#7 C:\xampp\htdocs\root-project\system\Commands\Server\rewrite.php(34): require_once('C:\\xampp\\htdocs...')
#8 {main}
CRITICAL - 2021-05-30 21:28:37 --> Invalid file: v_deptdead/v_headDashboard.php
#0 C:\xampp\htdocs\root-project\system\View\View.php(228): CodeIgniter\Exceptions\FrameworkException::forInvalidFile('v_deptdead/v_he...')
#1 C:\xampp\htdocs\root-project\system\Common.php(1119): CodeIgniter\View\View->render('v_deptdead/v_he...', Array, true)
#2 C:\xampp\htdocs\root-project\app\Controllers\Home.php(44): view('v_deptdead/v_he...', Array)
#3 C:\xampp\htdocs\root-project\system\CodeIgniter.php(918): App\Controllers\Home->HeadPage()
#4 C:\xampp\htdocs\root-project\system\CodeIgniter.php(404): CodeIgniter\CodeIgniter->runController(Object(App\Controllers\Home))
#5 C:\xampp\htdocs\root-project\system\CodeIgniter.php(312): CodeIgniter\CodeIgniter->handleRequest(NULL, Object(Config\Cache), false)
#6 C:\xampp\htdocs\root-project\public\index.php(45): CodeIgniter\CodeIgniter->run()
#7 C:\xampp\htdocs\root-project\system\Commands\Server\rewrite.php(34): require_once('C:\\xampp\\htdocs...')
#8 {main}
CRITICAL - 2021-05-30 21:28:37 --> Invalid file: v_deptdead/v_headDashboard.php
#0 C:\xampp\htdocs\root-project\system\View\View.php(228): CodeIgniter\Exceptions\FrameworkException::forInvalidFile('v_deptdead/v_he...')
#1 C:\xampp\htdocs\root-project\system\Common.php(1119): CodeIgniter\View\View->render('v_deptdead/v_he...', Array, true)
#2 C:\xampp\htdocs\root-project\app\Controllers\Home.php(44): view('v_deptdead/v_he...', Array)
#3 C:\xampp\htdocs\root-project\system\CodeIgniter.php(918): App\Controllers\Home->HeadPage()
#4 C:\xampp\htdocs\root-project\system\CodeIgniter.php(404): CodeIgniter\CodeIgniter->runController(Object(App\Controllers\Home))
#5 C:\xampp\htdocs\root-project\system\CodeIgniter.php(312): CodeIgniter\CodeIgniter->handleRequest(NULL, Object(Config\Cache), false)
#6 C:\xampp\htdocs\root-project\public\index.php(45): CodeIgniter\CodeIgniter->run()
#7 C:\xampp\htdocs\root-project\system\Commands\Server\rewrite.php(34): require_once('C:\\xampp\\htdocs...')
#8 {main}
CRITICAL - 2021-05-30 21:28:38 --> Invalid file: v_deptdead/v_headDashboard.php
#0 C:\xampp\htdocs\root-project\system\View\View.php(228): CodeIgniter\Exceptions\FrameworkException::forInvalidFile('v_deptdead/v_he...')
#1 C:\xampp\htdocs\root-project\system\Common.php(1119): CodeIgniter\View\View->render('v_deptdead/v_he...', Array, true)
#2 C:\xampp\htdocs\root-project\app\Controllers\Home.php(44): view('v_deptdead/v_he...', Array)
#3 C:\xampp\htdocs\root-project\system\CodeIgniter.php(918): App\Controllers\Home->HeadPage()
#4 C:\xampp\htdocs\root-project\system\CodeIgniter.php(404): CodeIgniter\CodeIgniter->runController(Object(App\Controllers\Home))
#5 C:\xampp\htdocs\root-project\system\CodeIgniter.php(312): CodeIgniter\CodeIgniter->handleRequest(NULL, Object(Config\Cache), false)
#6 C:\xampp\htdocs\root-project\public\index.php(45): CodeIgniter\CodeIgniter->run()
#7 C:\xampp\htdocs\root-project\system\Commands\Server\rewrite.php(34): require_once('C:\\xampp\\htdocs...')
#8 {main}
