CRITICAL - 2021-05-09 22:20:55 --> Unable to connect to the database.
#0 C:\xampp\htdocs\root-project\system\Database\BaseConnection.php(646): CodeIgniter\Database\BaseConnection->initialize()
#1 C:\xampp\htdocs\root-project\system\Database\BaseBuilder.php(1860): CodeIgniter\Database\BaseConnection->query('SELECT *\nFROM `...', Array, false)
#2 C:\xampp\htdocs\root-project\system\Model.php(506): CodeIgniter\Database\BaseBuilder->get()
#3 C:\xampp\htdocs\root-project\app\Controllers\Login.php(20): CodeIgniter\Model->first()
#4 C:\xampp\htdocs\root-project\system\CodeIgniter.php(918): App\Controllers\Login->auth()
#5 C:\xampp\htdocs\root-project\system\CodeIgniter.php(404): CodeIgniter\CodeIgniter->runController(Object(App\Controllers\Login))
#6 C:\xampp\htdocs\root-project\system\CodeIgniter.php(312): CodeIgniter\CodeIgniter->handleRequest(NULL, Object(Config\Cache), false)
#7 C:\xampp\htdocs\root-project\public\index.php(45): CodeIgniter\CodeIgniter->run()
#8 C:\xampp\htdocs\root-project\system\Commands\Server\rewrite.php(34): require_once('C:\\xampp\\htdocs...')
#9 {main}
CRITICAL - 2021-05-09 22:21:04 --> Unable to connect to the database.
#0 C:\xampp\htdocs\root-project\system\Database\BaseConnection.php(646): CodeIgniter\Database\BaseConnection->initialize()
#1 C:\xampp\htdocs\root-project\system\Database\BaseBuilder.php(1860): CodeIgniter\Database\BaseConnection->query('SELECT *\nFROM `...', Array, false)
#2 C:\xampp\htdocs\root-project\system\Model.php(506): CodeIgniter\Database\BaseBuilder->get()
#3 C:\xampp\htdocs\root-project\app\Controllers\Login.php(20): CodeIgniter\Model->first()
#4 C:\xampp\htdocs\root-project\system\CodeIgniter.php(918): App\Controllers\Login->auth()
#5 C:\xampp\htdocs\root-project\system\CodeIgniter.php(404): CodeIgniter\CodeIgniter->runController(Object(App\Controllers\Login))
#6 C:\xampp\htdocs\root-project\system\CodeIgniter.php(312): CodeIgniter\CodeIgniter->handleRequest(NULL, Object(Config\Cache), false)
#7 C:\xampp\htdocs\root-project\public\index.php(45): CodeIgniter\CodeIgniter->run()
#8 C:\xampp\htdocs\root-project\system\Commands\Server\rewrite.php(34): require_once('C:\\xampp\\htdocs...')
#9 {main}
CRITICAL - 2021-05-09 22:21:49 --> Unable to connect to the database.
#0 C:\xampp\htdocs\root-project\system\Database\BaseConnection.php(646): CodeIgniter\Database\BaseConnection->initialize()
#1 C:\xampp\htdocs\root-project\system\Database\BaseBuilder.php(1860): CodeIgniter\Database\BaseConnection->query('SELECT 1\nFROM `...', Array, false)
#2 C:\xampp\htdocs\root-project\system\Validation\Rules.php(240): CodeIgniter\Database\BaseBuilder->get()
#3 C:\xampp\htdocs\root-project\system\Validation\Validation.php(325): CodeIgniter\Validation\Rules->is_unique('alias@gmail.com', 'user_email', Array, NULL)
#4 C:\xampp\htdocs\root-project\system\Validation\Validation.php(189): CodeIgniter\Validation\Validation->processRules('email', 'email', 'alias@gmail.com', Array, Array)
#5 C:\xampp\htdocs\root-project\system\Controller.php(219): CodeIgniter\Validation\Validation->run()
#6 C:\xampp\htdocs\root-project\app\Controllers\Register.php(28): CodeIgniter\Controller->validate(Array)
#7 C:\xampp\htdocs\root-project\system\CodeIgniter.php(918): App\Controllers\Register->save()
#8 C:\xampp\htdocs\root-project\system\CodeIgniter.php(404): CodeIgniter\CodeIgniter->runController(Object(App\Controllers\Register))
#9 C:\xampp\htdocs\root-project\system\CodeIgniter.php(312): CodeIgniter\CodeIgniter->handleRequest(NULL, Object(Config\Cache), false)
#10 C:\xampp\htdocs\root-project\public\index.php(45): CodeIgniter\CodeIgniter->run()
#11 C:\xampp\htdocs\root-project\system\Commands\Server\rewrite.php(34): require_once('C:\\xampp\\htdocs...')
#12 {main}
CRITICAL - 2021-05-09 23:34:44 --> Undefined variable: session
#0 C:\xampp\htdocs\root-project\app\Views\cover.php(30): CodeIgniter\Debug\Exceptions->errorHandler(8, 'Undefined varia...', 'C:\\xampp\\htdocs...', 30, Array)
#1 C:\xampp\htdocs\root-project\system\View\View.php(246): include('C:\\xampp\\htdocs...')
#2 C:\xampp\htdocs\root-project\system\Common.php(1119): CodeIgniter\View\View->render('cover', Array, true)
#3 C:\xampp\htdocs\root-project\app\Controllers\Home.php(7): view('cover')
#4 C:\xampp\htdocs\root-project\system\CodeIgniter.php(918): App\Controllers\Home->index()
#5 C:\xampp\htdocs\root-project\system\CodeIgniter.php(404): CodeIgniter\CodeIgniter->runController(Object(App\Controllers\Home))
#6 C:\xampp\htdocs\root-project\system\CodeIgniter.php(312): CodeIgniter\CodeIgniter->handleRequest(NULL, Object(Config\Cache), false)
#7 C:\xampp\htdocs\root-project\public\index.php(45): CodeIgniter\CodeIgniter->run()
#8 C:\xampp\htdocs\root-project\system\Commands\Server\rewrite.php(34): require_once('C:\\xampp\\htdocs...')
#9 {main}
CRITICAL - 2021-05-09 23:37:09 --> Undefined variable: session
#0 C:\xampp\htdocs\root-project\app\Views\cover.php(30): CodeIgniter\Debug\Exceptions->errorHandler(8, 'Undefined varia...', 'C:\\xampp\\htdocs...', 30, Array)
#1 C:\xampp\htdocs\root-project\system\View\View.php(246): include('C:\\xampp\\htdocs...')
#2 C:\xampp\htdocs\root-project\system\Common.php(1119): CodeIgniter\View\View->render('cover', Array, true)
#3 C:\xampp\htdocs\root-project\app\Controllers\Home.php(7): view('cover')
#4 C:\xampp\htdocs\root-project\system\CodeIgniter.php(918): App\Controllers\Home->index()
#5 C:\xampp\htdocs\root-project\system\CodeIgniter.php(404): CodeIgniter\CodeIgniter->runController(Object(App\Controllers\Home))
#6 C:\xampp\htdocs\root-project\system\CodeIgniter.php(312): CodeIgniter\CodeIgniter->handleRequest(NULL, Object(Config\Cache), false)
#7 C:\xampp\htdocs\root-project\public\index.php(45): CodeIgniter\CodeIgniter->run()
#8 C:\xampp\htdocs\root-project\system\Commands\Server\rewrite.php(34): require_once('C:\\xampp\\htdocs...')
#9 {main}
CRITICAL - 2021-05-09 23:37:10 --> Undefined variable: session
#0 C:\xampp\htdocs\root-project\app\Views\cover.php(30): CodeIgniter\Debug\Exceptions->errorHandler(8, 'Undefined varia...', 'C:\\xampp\\htdocs...', 30, Array)
#1 C:\xampp\htdocs\root-project\system\View\View.php(246): include('C:\\xampp\\htdocs...')
#2 C:\xampp\htdocs\root-project\system\Common.php(1119): CodeIgniter\View\View->render('cover', Array, true)
#3 C:\xampp\htdocs\root-project\app\Controllers\Home.php(7): view('cover')
#4 C:\xampp\htdocs\root-project\system\CodeIgniter.php(918): App\Controllers\Home->index()
#5 C:\xampp\htdocs\root-project\system\CodeIgniter.php(404): CodeIgniter\CodeIgniter->runController(Object(App\Controllers\Home))
#6 C:\xampp\htdocs\root-project\system\CodeIgniter.php(312): CodeIgniter\CodeIgniter->handleRequest(NULL, Object(Config\Cache), false)
#7 C:\xampp\htdocs\root-project\public\index.php(45): CodeIgniter\CodeIgniter->run()
#8 C:\xampp\htdocs\root-project\system\Commands\Server\rewrite.php(34): require_once('C:\\xampp\\htdocs...')
#9 {main}
CRITICAL - 2021-05-09 23:41:58 --> Undefined variable: session
#0 C:\xampp\htdocs\root-project\app\Views\cover.php(30): CodeIgniter\Debug\Exceptions->errorHandler(8, 'Undefined varia...', 'C:\\xampp\\htdocs...', 30, Array)
#1 C:\xampp\htdocs\root-project\system\View\View.php(246): include('C:\\xampp\\htdocs...')
#2 C:\xampp\htdocs\root-project\system\Common.php(1119): CodeIgniter\View\View->render('cover', Array, true)
#3 C:\xampp\htdocs\root-project\app\Controllers\Home.php(7): view('cover')
#4 C:\xampp\htdocs\root-project\system\CodeIgniter.php(918): App\Controllers\Home->index()
#5 C:\xampp\htdocs\root-project\system\CodeIgniter.php(404): CodeIgniter\CodeIgniter->runController(Object(App\Controllers\Home))
#6 C:\xampp\htdocs\root-project\system\CodeIgniter.php(312): CodeIgniter\CodeIgniter->handleRequest(NULL, Object(Config\Cache), false)
#7 C:\xampp\htdocs\root-project\public\index.php(45): CodeIgniter\CodeIgniter->run()
#8 C:\xampp\htdocs\root-project\system\Commands\Server\rewrite.php(34): require_once('C:\\xampp\\htdocs...')
#9 {main}
CRITICAL - 2021-05-09 23:41:59 --> Undefined variable: session
#0 C:\xampp\htdocs\root-project\app\Views\cover.php(30): CodeIgniter\Debug\Exceptions->errorHandler(8, 'Undefined varia...', 'C:\\xampp\\htdocs...', 30, Array)
#1 C:\xampp\htdocs\root-project\system\View\View.php(246): include('C:\\xampp\\htdocs...')
#2 C:\xampp\htdocs\root-project\system\Common.php(1119): CodeIgniter\View\View->render('cover', Array, true)
#3 C:\xampp\htdocs\root-project\app\Controllers\Home.php(7): view('cover')
#4 C:\xampp\htdocs\root-project\system\CodeIgniter.php(918): App\Controllers\Home->index()
#5 C:\xampp\htdocs\root-project\system\CodeIgniter.php(404): CodeIgniter\CodeIgniter->runController(Object(App\Controllers\Home))
#6 C:\xampp\htdocs\root-project\system\CodeIgniter.php(312): CodeIgniter\CodeIgniter->handleRequest(NULL, Object(Config\Cache), false)
#7 C:\xampp\htdocs\root-project\public\index.php(45): CodeIgniter\CodeIgniter->run()
#8 C:\xampp\htdocs\root-project\system\Commands\Server\rewrite.php(34): require_once('C:\\xampp\\htdocs...')
#9 {main}
CRITICAL - 2021-05-09 23:41:59 --> Undefined variable: session
#0 C:\xampp\htdocs\root-project\app\Views\cover.php(30): CodeIgniter\Debug\Exceptions->errorHandler(8, 'Undefined varia...', 'C:\\xampp\\htdocs...', 30, Array)
#1 C:\xampp\htdocs\root-project\system\View\View.php(246): include('C:\\xampp\\htdocs...')
#2 C:\xampp\htdocs\root-project\system\Common.php(1119): CodeIgniter\View\View->render('cover', Array, true)
#3 C:\xampp\htdocs\root-project\app\Controllers\Home.php(7): view('cover')
#4 C:\xampp\htdocs\root-project\system\CodeIgniter.php(918): App\Controllers\Home->index()
#5 C:\xampp\htdocs\root-project\system\CodeIgniter.php(404): CodeIgniter\CodeIgniter->runController(Object(App\Controllers\Home))
#6 C:\xampp\htdocs\root-project\system\CodeIgniter.php(312): CodeIgniter\CodeIgniter->handleRequest(NULL, Object(Config\Cache), false)
#7 C:\xampp\htdocs\root-project\public\index.php(45): CodeIgniter\CodeIgniter->run()
#8 C:\xampp\htdocs\root-project\system\Commands\Server\rewrite.php(34): require_once('C:\\xampp\\htdocs...')
#9 {main}
CRITICAL - 2021-05-09 23:41:59 --> Undefined variable: session
#0 C:\xampp\htdocs\root-project\app\Views\cover.php(30): CodeIgniter\Debug\Exceptions->errorHandler(8, 'Undefined varia...', 'C:\\xampp\\htdocs...', 30, Array)
#1 C:\xampp\htdocs\root-project\system\View\View.php(246): include('C:\\xampp\\htdocs...')
#2 C:\xampp\htdocs\root-project\system\Common.php(1119): CodeIgniter\View\View->render('cover', Array, true)
#3 C:\xampp\htdocs\root-project\app\Controllers\Home.php(7): view('cover')
#4 C:\xampp\htdocs\root-project\system\CodeIgniter.php(918): App\Controllers\Home->index()
#5 C:\xampp\htdocs\root-project\system\CodeIgniter.php(404): CodeIgniter\CodeIgniter->runController(Object(App\Controllers\Home))
#6 C:\xampp\htdocs\root-project\system\CodeIgniter.php(312): CodeIgniter\CodeIgniter->handleRequest(NULL, Object(Config\Cache), false)
#7 C:\xampp\htdocs\root-project\public\index.php(45): CodeIgniter\CodeIgniter->run()
#8 C:\xampp\htdocs\root-project\system\Commands\Server\rewrite.php(34): require_once('C:\\xampp\\htdocs...')
#9 {main}
CRITICAL - 2021-05-09 23:43:11 --> Undefined variable: session
#0 C:\xampp\htdocs\root-project\app\Views\cover.php(30): CodeIgniter\Debug\Exceptions->errorHandler(8, 'Undefined varia...', 'C:\\xampp\\htdocs...', 30, Array)
#1 C:\xampp\htdocs\root-project\system\View\View.php(246): include('C:\\xampp\\htdocs...')
#2 C:\xampp\htdocs\root-project\system\Common.php(1119): CodeIgniter\View\View->render('cover', Array, true)
#3 C:\xampp\htdocs\root-project\app\Controllers\Home.php(7): view('cover')
#4 C:\xampp\htdocs\root-project\system\CodeIgniter.php(918): App\Controllers\Home->index()
#5 C:\xampp\htdocs\root-project\system\CodeIgniter.php(404): CodeIgniter\CodeIgniter->runController(Object(App\Controllers\Home))
#6 C:\xampp\htdocs\root-project\system\CodeIgniter.php(312): CodeIgniter\CodeIgniter->handleRequest(NULL, Object(Config\Cache), false)
#7 C:\xampp\htdocs\root-project\public\index.php(45): CodeIgniter\CodeIgniter->run()
#8 C:\xampp\htdocs\root-project\system\Commands\Server\rewrite.php(34): require_once('C:\\xampp\\htdocs...')
#9 {main}
CRITICAL - 2021-05-09 23:43:12 --> Undefined variable: session
#0 C:\xampp\htdocs\root-project\app\Views\cover.php(30): CodeIgniter\Debug\Exceptions->errorHandler(8, 'Undefined varia...', 'C:\\xampp\\htdocs...', 30, Array)
#1 C:\xampp\htdocs\root-project\system\View\View.php(246): include('C:\\xampp\\htdocs...')
#2 C:\xampp\htdocs\root-project\system\Common.php(1119): CodeIgniter\View\View->render('cover', Array, true)
#3 C:\xampp\htdocs\root-project\app\Controllers\Home.php(7): view('cover')
#4 C:\xampp\htdocs\root-project\system\CodeIgniter.php(918): App\Controllers\Home->index()
#5 C:\xampp\htdocs\root-project\system\CodeIgniter.php(404): CodeIgniter\CodeIgniter->runController(Object(App\Controllers\Home))
#6 C:\xampp\htdocs\root-project\system\CodeIgniter.php(312): CodeIgniter\CodeIgniter->handleRequest(NULL, Object(Config\Cache), false)
#7 C:\xampp\htdocs\root-project\public\index.php(45): CodeIgniter\CodeIgniter->run()
#8 C:\xampp\htdocs\root-project\system\Commands\Server\rewrite.php(34): require_once('C:\\xampp\\htdocs...')
#9 {main}
CRITICAL - 2021-05-09 23:43:13 --> Undefined variable: session
#0 C:\xampp\htdocs\root-project\app\Views\cover.php(30): CodeIgniter\Debug\Exceptions->errorHandler(8, 'Undefined varia...', 'C:\\xampp\\htdocs...', 30, Array)
#1 C:\xampp\htdocs\root-project\system\View\View.php(246): include('C:\\xampp\\htdocs...')
#2 C:\xampp\htdocs\root-project\system\Common.php(1119): CodeIgniter\View\View->render('cover', Array, true)
#3 C:\xampp\htdocs\root-project\app\Controllers\Home.php(7): view('cover')
#4 C:\xampp\htdocs\root-project\system\CodeIgniter.php(918): App\Controllers\Home->index()
#5 C:\xampp\htdocs\root-project\system\CodeIgniter.php(404): CodeIgniter\CodeIgniter->runController(Object(App\Controllers\Home))
#6 C:\xampp\htdocs\root-project\system\CodeIgniter.php(312): CodeIgniter\CodeIgniter->handleRequest(NULL, Object(Config\Cache), false)
#7 C:\xampp\htdocs\root-project\public\index.php(45): CodeIgniter\CodeIgniter->run()
#8 C:\xampp\htdocs\root-project\system\Commands\Server\rewrite.php(34): require_once('C:\\xampp\\htdocs...')
#9 {main}
